{"meta": {"format": 3, "version": "7.13.4", "timestamp": "2026-03-04T18:46:46.392472", "branch_coverage": false, "show_contexts": false}, "files": {"src/pycycle_mcp/__init__.py": {"executed_lines": [3, 5], "summary": {"covered_lines": 2, "num_statements": 2, "percent_covered": 100.0, "percent_covered_display": "100", "missing_lines": 0, "excluded_lines": 0, "percent_statements_covered": 100.0, "percent_statements_covered_display": "100"}, "missing_lines": [], "excluded_lines": [], "functions": {"": {"executed_lines": [3, 5], "summary": {"covered_lines": 2, "num_statements": 2, "percent_covered": 100.0, "percent_covered_display": "100", "missing_lines": 0, "excluded_lines": 0, "percent_statements_covered": 100.0, "percent_statements_covered_display": "100"}, "missing_lines": [], "excluded_lines": [], "start_line": 1}}, "classes": {"": {"executed_lines": [3, 5], "summary": {"covered_lines": 2, "num_statements": 2, "percent_covered": 100.0, "percent_covered_display": "100", "missing_lines": 0, "excluded_lines": 0, "percent_statements_covered": 100.0, "percent_statements_covered_display": "100"}, "missing_lines": [], "excluded_lines": [], "start_line": 1}}}, "src/pycycle_mcp/__main__.py": {"executed_lines": [], "summary": {"covered_lines": 0, "num_statements": 3, "percent_covered": 0.0, "percent_covered_display": "0", "missing_lines": 3, "excluded_lines": 0, "percent_statements_covered": 0.0, "percent_statements_covered_display": "0"}, "missing_lines": [3, 5, 6], "excluded_lines": [], "functions": {"": {"executed_lines": [], "summary": {"covered_lines": 0, "num_statements": 3, "percent_covered": 0.0, "percent_covered_display": "0", "missing_lines": 3, "excluded_lines": 0, "percent_statements_covered": 0.0, "percent_statements_covered_display": "0"}, "missing_lines": [3, 5, 6], "excluded_lines": [], "start_line": 1}}, "classes": {"": {"executed_lines": [], "summary": {"covered_lines": 0, "num_statements": 3, "percent_covered": 0.0, "percent_covered_display": "0", "missing_lines": 3, "excluded_lines": 0, "percent_statements_covered": 0.0, "percent_statements_covered_display": "0"}, "missing_lines": [3, 5, 6], "excluded_lines": [], "start_line": 1}}}, "src/pycycle_mcp/cycles/__init__.py": {"executed_lines": [], "summary": {"covered_lines": 0, "num_statements": 0, "percent_covered": 100.0, "percent_covered_display": "100", "missing_lines": 0, "excluded_lines": 0, "percent_statements_covered": 100.0, "percent_statements_covered_display": "100"}, "missing_lines": [], "excluded_lines": [], "functions": {"": {"executed_lines": [], "summary": {"covered_lines": 0, "num_statements": 0, "percent_covered": 100.0, "percent_covered_display": "100", "missing_lines": 0, "excluded_lines": 0, "percent_statements_covered": 100.0, "percent_statements_covered_display": "100"}, "missing_lines": [], "excluded_lines": [], "start_line": 1}}, "classes": {"": {"executed_lines": [], "summary": {"covered_lines": 0, "num_statements": 0, "percent_covered": 100.0, "percent_covered_display": "100", "missing_lines": 0, "excluded_lines": 0, "percent_statements_covered": 100.0, "percent_statements_covered_display": "100"}, "missing_lines": [], "excluded_lines": [], "start_line": 1}}}, "src/pycycle_mcp/cycles/high_bypass_turbofan.py": {"executed_lines": [], "summary": {"covered_lines": 0, "num_statements": 296, "percent_covered": 0.0, "percent_covered_display": "0", "missing_lines": 296, "excluded_lines": 0, "percent_statements_covered": 0.0, "percent_statements_covered_display": "0"}, "missing_lines": [1, 3, 5, 7, 10, 12, 14, 16, 19, 23, 25, 26, 27, 28, 29, 31, 32, 33, 37, 38, 44, 46, 47, 48, 50, 51, 53, 54, 55, 57, 58, 60, 61, 63, 64, 65, 68, 69, 70, 75, 76, 77, 78, 79, 80, 83, 84, 85, 87, 88, 90, 91, 107, 108, 109, 111, 112, 113, 115, 116, 117, 118, 121, 123, 124, 125, 127, 129, 130, 131, 149, 150, 151, 152, 153, 155, 156, 157, 158, 159, 162, 163, 164, 166, 167, 168, 171, 172, 173, 174, 176, 177, 178, 179, 187, 188, 189, 190, 191, 192, 193, 194, 195, 196, 197, 198, 199, 200, 201, 202, 203, 206, 207, 208, 209, 212, 213, 216, 217, 218, 219, 220, 221, 223, 224, 225, 228, 230, 233, 238, 239, 240, 241, 242, 244, 245, 246, 247, 249, 253, 254, 255, 256, 257, 258, 259, 260, 261, 264, 268, 269, 271, 272, 273, 275, 277, 278, 279, 281, 282, 283, 285, 286, 287, 289, 290, 291, 294, 296, 298, 300, 301, 302, 303, 304, 305, 306, 307, 308, 309, 310, 311, 312, 313, 314, 315, 316, 317, 318, 322, 323, 324, 325, 326, 327, 328, 329, 330, 331, 332, 333, 334, 335, 336, 337, 338, 339, 340, 341, 342, 343, 344, 345, 346, 347, 349, 351, 352, 353, 354, 356, 358, 359, 360, 362, 364, 365, 366, 368, 370, 373, 374, 376, 379, 381, 383, 385, 387, 389, 390, 392, 393, 395, 396, 398, 399, 401, 402, 404, 405, 407, 408, 412, 413, 414, 415, 416, 417, 420, 423, 424, 425, 426, 427, 428, 429, 430, 431, 432, 434, 436, 437, 439, 445, 446, 447, 452, 453, 454, 455, 456, 458, 459, 461, 462, 463, 464, 466, 467, 468, 469, 472, 473, 474, 478, 479], "excluded_lines": [], "functions": {"HBTF.initialize": {"executed_lines": [], "summary": {"covered_lines": 0, "num_statements": 2, "percent_covered": 0.0, "percent_covered_display": "0", "missing_lines": 2, "excluded_lines": 0, "percent_statements_covered": 0.0, "percent_statements_covered_display": "0"}, "missing_lines": [14, 16], "excluded_lines": [], "start_line": 12}, "HBTF.setup": {"executed_lines": [], "summary": {"covered_lines": 0, "num_statements": 119, "percent_covered": 0.0, "percent_covered_display": "0", "missing_lines": 119, "excluded_lines": 0, "percent_statements_covered": 0.0, "percent_statements_covered_display": "0"}, "missing_lines": [23, 25, 26, 27, 28, 29, 31, 32, 33, 37, 38, 44, 46, 47, 48, 50, 51, 53, 54, 55, 57, 58, 60, 61, 63, 64, 65, 68, 69, 70, 75, 76, 77, 78, 79, 80, 83, 84, 85, 87, 88, 90, 91, 107, 108, 109, 111, 112, 113, 115, 116, 117, 118, 121, 123, 124, 125, 127, 129, 130, 131, 149, 150, 151, 152, 153, 155, 156, 157, 158, 159, 162, 163, 164, 166, 167, 168, 171, 172, 173, 174, 176, 177, 178, 179, 187, 188, 189, 190, 191, 192, 193, 194, 195, 196, 197, 198, 199, 200, 201, 202, 203, 206, 207, 208, 209, 212, 213, 216, 217, 218, 219, 220, 221, 223, 224, 225, 228, 230], "excluded_lines": [], "start_line": 19}, "viewer": {"executed_lines": [], "summary": {"covered_lines": 0, "num_statements": 38, "percent_covered": 0.0, "percent_covered_display": "0", "missing_lines": 38, "excluded_lines": 0, "percent_statements_covered": 0.0, "percent_statements_covered_display": "0"}, "missing_lines": [238, 239, 240, 241, 242, 244, 245, 246, 247, 249, 253, 254, 255, 256, 257, 258, 259, 260, 261, 264, 268, 269, 271, 272, 273, 275, 277, 278, 279, 281, 282, 283, 285, 286, 287, 289, 290, 291], "excluded_lines": [], "start_line": 233}, "MPhbtf.setup": {"executed_lines": [], "summary": {"covered_lines": 0, "num_statements": 64, "percent_covered": 0.0, "percent_covered_display": "0", "missing_lines": 64, "excluded_lines": 0, "percent_statements_covered": 0.0, "percent_statements_covered_display": "0"}, "missing_lines": [298, 300, 301, 302, 303, 304, 305, 306, 307, 308, 309, 310, 311, 312, 313, 314, 315, 316, 317, 318, 322, 323, 324, 325, 326, 327, 328, 329, 330, 331, 332, 333, 334, 335, 336, 337, 338, 339, 340, 341, 342, 343, 344, 345, 346, 347, 349, 351, 352, 353, 354, 356, 358, 359, 360, 362, 364, 365, 366, 368, 370, 373, 374, 376], "excluded_lines": [], "start_line": 296}, "": {"executed_lines": [], "summary": {"covered_lines": 0, "num_statements": 73, "percent_covered": 0.0, "percent_covered_display": "0", "missing_lines": 73, "excluded_lines": 0, "percent_statements_covered": 0.0, "percent_statements_covered_display": "0"}, "missing_lines": [1, 3, 5, 7, 10, 12, 19, 233, 294, 296, 379, 381, 383, 385, 387, 389, 390, 392, 393, 395, 396, 398, 399, 401, 402, 404, 405, 407, 408, 412, 413, 414, 415, 416, 417, 420, 423, 424, 425, 426, 427, 428, 429, 430, 431, 432, 434, 436, 437, 439, 445, 446, 447, 452, 453, 454, 455, 456, 458, 459, 461, 462, 463, 464, 466, 467, 468, 469, 472, 473, 474, 478, 479], "excluded_lines": [], "start_line": 1}}, "classes": {"HBTF": {"executed_lines": [], "summary": {"covered_lines": 0, "num_statements": 121, "percent_covered": 0.0, "percent_covered_display": "0", "missing_lines": 121, "excluded_lines": 0, "percent_statements_covered": 0.0, "percent_statements_covered_display": "0"}, "missing_lines": [14, 16, 23, 25, 26, 27, 28, 29, 31, 32, 33, 37, 38, 44, 46, 47, 48, 50, 51, 53, 54, 55, 57, 58, 60, 61, 63, 64, 65, 68, 69, 70, 75, 76, 77, 78, 79, 80, 83, 84, 85, 87, 88, 90, 91, 107, 108, 109, 111, 112, 113, 115, 116, 117, 118, 121, 123, 124, 125, 127, 129, 130, 131, 149, 150, 151, 152, 153, 155, 156, 157, 158, 159, 162, 163, 164, 166, 167, 168, 171, 172, 173, 174, 176, 177, 178, 179, 187, 188, 189, 190, 191, 192, 193, 194, 195, 196, 197, 198, 199, 200, 201, 202, 203, 206, 207, 208, 209, 212, 213, 216, 217, 218, 219, 220, 221, 223, 224, 225, 228, 230], "excluded_lines": [], "start_line": 10}, "MPhbtf": {"executed_lines": [], "summary": {"covered_lines": 0, "num_statements": 64, "percent_covered": 0.0, "percent_covered_display": "0", "missing_lines": 64, "excluded_lines": 0, "percent_statements_covered": 0.0, "percent_statements_covered_display": "0"}, "missing_lines": [298, 300, 301, 302, 303, 304, 305, 306, 307, 308, 309, 310, 311, 312, 313, 314, 315, 316, 317, 318, 322, 323, 324, 325, 326, 327, 328, 329, 330, 331, 332, 333, 334, 335, 336, 337, 338, 339, 340, 341, 342, 343, 344, 345, 346, 347, 349, 351, 352, 353, 354, 356, 358, 359, 360, 362, 364, 365, 366, 368, 370, 373, 374, 376], "excluded_lines": [], "start_line": 294}, "": {"executed_lines": [], "summary": {"covered_lines": 0, "num_statements": 111, "percent_covered": 0.0, "percent_covered_display": "0", "missing_lines": 111, "excluded_lines": 0, "percent_statements_covered": 0.0, "percent_statements_covered_display": "0"}, "missing_lines": [1, 3, 5, 7, 10, 12, 19, 233, 238, 239, 240, 241, 242, 244, 245, 246, 247, 249, 253, 254, 255, 256, 257, 258, 259, 260, 261, 264, 268, 269, 271, 272, 273, 275, 277, 278, 279, 281, 282, 283, 285, 286, 287, 289, 290, 291, 294, 296, 379, 381, 383, 385, 387, 389, 390, 392, 393, 395, 396, 398, 399, 401, 402, 404, 405, 407, 408, 412, 413, 414, 415, 416, 417, 420, 423, 424, 425, 426, 427, 428, 429, 430, 431, 432, 434, 436, 437, 439, 445, 446, 447, 452, 453, 454, 455, 456, 458, 459, 461, 462, 463, 464, 466, 467, 468, 469, 472, 473, 474, 478, 479], "excluded_lines": [], "start_line": 1}}}, "src/pycycle_mcp/cycles/simple_turbojet.py": {"executed_lines": [], "summary": {"covered_lines": 0, "num_statements": 154, "percent_covered": 0.0, "percent_covered_display": "0", "missing_lines": 154, "excluded_lines": 0, "percent_statements_covered": 0.0, "percent_statements_covered_display": "0"}, "missing_lines": [1, 3, 5, 8, 10, 12, 14, 15, 16, 17, 19, 20, 21, 23, 26, 27, 28, 30, 31, 33, 34, 35, 38, 39, 40, 41, 42, 46, 47, 50, 53, 54, 55, 56, 57, 60, 61, 63, 64, 65, 67, 68, 69, 71, 72, 73, 77, 78, 79, 81, 82, 83, 85, 86, 87, 90, 91, 92, 93, 94, 95, 96, 97, 99, 101, 103, 108, 112, 113, 114, 115, 116, 117, 118, 119, 120, 123, 125, 126, 128, 129, 130, 132, 134, 135, 136, 138, 139, 140, 142, 143, 144, 146, 147, 148, 149, 151, 152, 153, 157, 159, 162, 164, 165, 166, 167, 168, 170, 171, 175, 176, 177, 178, 180, 181, 183, 184, 185, 187, 189, 191, 193, 195, 197, 200, 204, 207, 208, 209, 210, 211, 212, 213, 216, 217, 218, 219, 220, 222, 225, 226, 227, 228, 229, 230, 232, 234, 235, 239, 244, 245, 247, 249, 250], "excluded_lines": [], "functions": {"Turbojet.setup": {"executed_lines": [], "summary": {"covered_lines": 0, "num_statements": 60, "percent_covered": 0.0, "percent_covered_display": "0", "missing_lines": 60, "excluded_lines": 0, "percent_statements_covered": 0.0, "percent_statements_covered_display": "0"}, "missing_lines": [12, 14, 15, 16, 17, 19, 20, 21, 23, 26, 27, 28, 30, 31, 33, 34, 35, 38, 39, 40, 41, 42, 46, 47, 50, 53, 54, 55, 56, 57, 60, 61, 63, 64, 65, 67, 68, 69, 71, 72, 73, 77, 78, 79, 81, 82, 83, 85, 86, 87, 90, 91, 92, 93, 94, 95, 96, 97, 99, 101], "excluded_lines": [], "start_line": 10}, "viewer": {"executed_lines": [], "summary": {"covered_lines": 0, "num_statements": 26, "percent_covered": 0.0, "percent_covered_display": "0", "missing_lines": 26, "excluded_lines": 0, "percent_statements_covered": 0.0, "percent_statements_covered_display": "0"}, "missing_lines": [108, 112, 113, 114, 115, 116, 117, 118, 119, 120, 123, 125, 126, 128, 129, 130, 132, 134, 135, 136, 138, 139, 140, 142, 143, 144], "excluded_lines": [], "start_line": 103}, "map_plots": {"executed_lines": [], "summary": {"covered_lines": 0, "num_statements": 6, "percent_covered": 0.0, "percent_covered_display": "0", "missing_lines": 6, "excluded_lines": 0, "percent_statements_covered": 0.0, "percent_statements_covered_display": "0"}, "missing_lines": [147, 148, 149, 151, 152, 153], "excluded_lines": [], "start_line": 146}, "MPTurbojet.setup": {"executed_lines": [], "summary": {"covered_lines": 0, "num_statements": 20, "percent_covered": 0.0, "percent_covered_display": "0", "missing_lines": 20, "excluded_lines": 0, "percent_statements_covered": 0.0, "percent_statements_covered_display": "0"}, "missing_lines": [162, 164, 165, 166, 167, 168, 170, 171, 175, 176, 177, 178, 180, 181, 183, 184, 185, 187, 189, 191], "excluded_lines": [], "start_line": 159}, "": {"executed_lines": [], "summary": {"covered_lines": 0, "num_statements": 42, "percent_covered": 0.0, "percent_covered_display": "0", "missing_lines": 42, "excluded_lines": 0, "percent_statements_covered": 0.0, "percent_statements_covered_display": "0"}, "missing_lines": [1, 3, 5, 8, 10, 103, 146, 157, 159, 193, 195, 197, 200, 204, 207, 208, 209, 210, 211, 212, 213, 216, 217, 218, 219, 220, 222, 225, 226, 227, 228, 229, 230, 232, 234, 235, 239, 244, 245, 247, 249, 250], "excluded_lines": [], "start_line": 1}}, "classes": {"Turbojet": {"executed_lines": [], "summary": {"covered_lines": 0, "num_statements": 60, "percent_covered": 0.0, "percent_covered_display": "0", "missing_lines": 60, "excluded_lines": 0, "percent_statements_covered": 0.0, "percent_statements_covered_display": "0"}, "missing_lines": [12, 14, 15, 16, 17, 19, 20, 21, 23, 26, 27, 28, 30, 31, 33, 34, 35, 38, 39, 40, 41, 42, 46, 47, 50, 53, 54, 55, 56, 57, 60, 61, 63, 64, 65, 67, 68, 69, 71, 72, 73, 77, 78, 79, 81, 82, 83, 85, 86, 87, 90, 91, 92, 93, 94, 95, 96, 97, 99, 101], "excluded_lines": [], "start_line": 8}, "MPTurbojet": {"executed_lines": [], "summary": {"covered_lines": 0, "num_statements": 20, "percent_covered": 0.0, "percent_covered_display": "0", "missing_lines": 20, "excluded_lines": 0, "percent_statements_covered": 0.0, "percent_statements_covered_display": "0"}, "missing_lines": [162, 164, 165, 166, 167, 168, 170, 171, 175, 176, 177, 178, 180, 181, 183, 184, 185, 187, 189, 191], "excluded_lines": [], "start_line": 157}, "": {"executed_lines": [], "summary": {"covered_lines": 0, "num_statements": 74, "percent_covered": 0.0, "percent_covered_display": "0", "missing_lines": 74, "excluded_lines": 0, "percent_statements_covered": 0.0, "percent_statements_covered_display": "0"}, "missing_lines": [1, 3, 5, 8, 10, 103, 108, 112, 113, 114, 115, 116, 117, 118, 119, 120, 123, 125, 126, 128, 129, 130, 132, 134, 135, 136, 138, 139, 140, 142, 143, 144, 146, 147, 148, 149, 151, 152, 153, 157, 159, 193, 195, 197, 200, 204, 207, 208, 209, 210, 211, 212, 213, 216, 217, 218, 219, 220, 222, 225, 226, 227, 228, 229, 230, 232, 234, 235, 239, 244, 245, 247, 249, 250], "excluded_lines": [], "start_line": 1}}}, "src/pycycle_mcp/errors.py": {"executed_lines": [7, 9, 12, 13, 22, 23, 24, 26, 29, 38, 50, 53], "summary": {"covered_lines": 12, "num_statements": 13, "percent_covered": 92.3076923076923, "percent_covered_display": "92", "missing_lines": 1, "excluded_lines": 0, "percent_statements_covered": 92.3076923076923, "percent_statements_covered_display": "92"}, "missing_lines": [56], "excluded_lines": [], "functions": {"MCPError.to_response": {"executed_lines": [29], "summary": {"covered_lines": 1, "num_statements": 1, "percent_covered": 100.0, "percent_covered_display": "100", "missing_lines": 0, "excluded_lines": 0, "percent_statements_covered": 100.0, "percent_statements_covered_display": "100"}, "missing_lines": [], "excluded_lines": [], "start_line": 26}, "error_response": {"executed_lines": [50], "summary": {"covered_lines": 1, "num_statements": 1, "percent_covered": 100.0, "percent_covered_display": "100", "missing_lines": 0, "excluded_lines": 0, "percent_statements_covered": 100.0, "percent_statements_covered_display": "100"}, "missing_lines": [], "excluded_lines": [], "start_line": 38}, "to_error": {"executed_lines": [], "summary": {"covered_lines": 0, "num_statements": 1, "percent_covered": 0.0, "percent_covered_display": "0", "missing_lines": 1, "excluded_lines": 0, "percent_statements_covered": 0.0, "percent_statements_covered_display": "0"}, "missing_lines": [56], "excluded_lines": [], "start_line": 53}, "": {"executed_lines": [7, 9, 12, 13, 22, 23, 24, 26, 38, 53], "summary": {"covered_lines": 10, "num_statements": 10, "percent_covered": 100.0, "percent_covered_display": "100", "missing_lines": 0, "excluded_lines": 0, "percent_statements_covered": 100.0, "percent_statements_covered_display": "100"}, "missing_lines": [], "excluded_lines": [], "start_line": 1}}, "classes": {"MCPError": {"executed_lines": [29], "summary": {"covered_lines": 1, "num_statements": 1, "percent_covered": 100.0, "percent_covered_display": "100", "missing_lines": 0, "excluded_lines": 0, "percent_statements_covered": 100.0, "percent_statements_covered_display": "100"}, "missing_lines": [], "excluded_lines": [], "start_line": 13}, "": {"executed_lines": [7, 9, 12, 13, 22, 23, 24, 26, 38, 50, 53], "summary": {"covered_lines": 11, "num_statements": 12, "percent_covered": 91.66666666666667, "percent_covered_display": "92", "missing_lines": 1, "excluded_lines": 0, "percent_statements_covered": 91.66666666666667, "percent_statements_covered_display": "92"}, "missing_lines": [56], "excluded_lines": [], "start_line": 1}}}, "src/pycycle_mcp/fastmcp_server.py": {"executed_lines": [3, 5, 6, 7, 9, 10, 11, 12, 14, 15, 34, 36, 38, 40, 41, 44, 47, 48, 49, 50, 51, 52, 55, 58, 61, 64, 65, 68, 71, 81, 89, 95, 101, 102, 104, 112, 116, 124, 128, 136, 153, 161, 170, 178, 187, 195, 208, 216, 233, 241, 257, 260, 265, 266, 267], "summary": {"covered_lines": 55, "num_statements": 77, "percent_covered": 71.42857142857143, "percent_covered_display": "71", "missing_lines": 22, "excluded_lines": 0, "percent_statements_covered": 71.42857142857143, "percent_statements_covered_display": "71"}, "missing_lines": [113, 114, 125, 126, 143, 150, 151, 166, 167, 168, 183, 184, 185, 200, 205, 206, 223, 230, 231, 247, 253, 254], "excluded_lines": [], "functions": {"_tool": {"executed_lines": [58], "summary": {"covered_lines": 1, "num_statements": 1, "percent_covered": 100.0, "percent_covered_display": "100", "missing_lines": 0, "excluded_lines": 0, "percent_statements_covered": 100.0, "percent_statements_covered_display": "100"}, "missing_lines": [], "excluded_lines": [], "start_line": 55}, "_validated_response": {"executed_lines": [64, 65], "summary": {"covered_lines": 2, "num_statements": 2, "percent_covered": 100.0, "percent_covered_display": "100", "missing_lines": 0, "excluded_lines": 0, "percent_statements_covered": 100.0, "percent_statements_covered_display": "100"}, "missing_lines": [], "excluded_lines": [], "start_line": 61}, "_register_tools": {"executed_lines": [71, 81, 89, 104, 112, 116, 124, 128, 136, 153, 161, 170, 178, 187, 195, 208, 216, 233, 241], "summary": {"covered_lines": 19, "num_statements": 19, "percent_covered": 100.0, "percent_covered_display": "100", "missing_lines": 0, "excluded_lines": 0, "percent_statements_covered": 100.0, "percent_statements_covered_display": "100"}, "missing_lines": [], "excluded_lines": [], "start_line": 68}, "_register_tools.create_cycle_model_tool": {"executed_lines": [95, 101, 102], "summary": {"covered_lines": 3, "num_statements": 3, "percent_covered": 100.0, "percent_covered_display": "100", "missing_lines": 0, "excluded_lines": 0, "percent_statements_covered": 100.0, "percent_statements_covered_display": "100"}, "missing_lines": [], "excluded_lines": [], "start_line": 89}, "_register_tools.close_cycle_model_tool": {"executed_lines": [], "summary": {"covered_lines": 0, "num_statements": 2, "percent_covered": 0.0, "percent_covered_display": "0", "missing_lines": 2, "excluded_lines": 0, "percent_statements_covered": 0.0, "percent_statements_covered_display": "0"}, "missing_lines": [113, 114], "excluded_lines": [], "start_line": 112}, "_register_tools.get_cycle_summary_tool": {"executed_lines": [], "summary": {"covered_lines": 0, "num_statements": 2, "percent_covered": 0.0, "percent_covered_display": "0", "missing_lines": 2, "excluded_lines": 0, "percent_statements_covered": 0.0, "percent_statements_covered_display": "0"}, "missing_lines": [125, 126], "excluded_lines": [], "start_line": 124}, "_register_tools.list_variables_tool": {"executed_lines": [], "summary": {"covered_lines": 0, "num_statements": 3, "percent_covered": 0.0, "percent_covered_display": "0", "missing_lines": 3, "excluded_lines": 0, "percent_statements_covered": 0.0, "percent_statements_covered_display": "0"}, "missing_lines": [143, 150, 151], "excluded_lines": [], "start_line": 136}, "_register_tools.set_inputs_tool": {"executed_lines": [], "summary": {"covered_lines": 0, "num_statements": 3, "percent_covered": 0.0, "percent_covered_display": "0", "missing_lines": 3, "excluded_lines": 0, "percent_statements_covered": 0.0, "percent_statements_covered_display": "0"}, "missing_lines": [166, 167, 168], "excluded_lines": [], "start_line": 161}, "_register_tools.get_outputs_tool": {"executed_lines": [], "summary": {"covered_lines": 0, "num_statements": 3, "percent_covered": 0.0, "percent_covered_display": "0", "missing_lines": 3, "excluded_lines": 0, "percent_statements_covered": 0.0, "percent_statements_covered_display": "0"}, "missing_lines": [183, 184, 185], "excluded_lines": [], "start_line": 178}, "_register_tools.run_cycle_tool": {"executed_lines": [], "summary": {"covered_lines": 0, "num_statements": 3, "percent_covered": 0.0, "percent_covered_display": "0", "missing_lines": 3, "excluded_lines": 0, "percent_statements_covered": 0.0, "percent_statements_covered_display": "0"}, "missing_lines": [200, 205, 206], "excluded_lines": [], "start_line": 195}, "_register_tools.sweep_inputs_tool": {"executed_lines": [], "summary": {"covered_lines": 0, "num_statements": 3, "percent_covered": 0.0, "percent_covered_display": "0", "missing_lines": 3, "excluded_lines": 0, "percent_statements_covered": 0.0, "percent_statements_covered_display": "0"}, "missing_lines": [223, 230, 231], "excluded_lines": [], "start_line": 216}, "_register_tools.compute_totals_tool": {"executed_lines": [], "summary": {"covered_lines": 0, "num_statements": 3, "percent_covered": 0.0, "percent_covered_display": "0", "missing_lines": 3, "excluded_lines": 0, "percent_statements_covered": 0.0, "percent_statements_covered_display": "0"}, "missing_lines": [247, 253, 254], "excluded_lines": [], "start_line": 241}, "build_server": {"executed_lines": [260, 265, 266, 267], "summary": {"covered_lines": 4, "num_statements": 4, "percent_covered": 100.0, "percent_covered_display": "100", "missing_lines": 0, "excluded_lines": 0, "percent_statements_covered": 100.0, "percent_statements_covered_display": "100"}, "missing_lines": [], "excluded_lines": [], "start_line": 257}, "": {"executed_lines": [3, 5, 6, 7, 9, 10, 11, 12, 14, 15, 34, 36, 38, 40, 41, 44, 47, 48, 49, 50, 51, 52, 55, 61, 68, 257], "summary": {"covered_lines": 26, "num_statements": 26, "percent_covered": 100.0, "percent_covered_display": "100", "missing_lines": 0, "excluded_lines": 0, "percent_statements_covered": 100.0, "percent_statements_covered_display": "100"}, "missing_lines": [], "excluded_lines": [], "start_line": 1}}, "classes": {"ToolKwargs": {"executed_lines": [], "summary": {"covered_lines": 0, "num_statements": 0, "percent_covered": 100.0, "percent_covered_display": "100", "missing_lines": 0, "excluded_lines": 0, "percent_statements_covered": 100.0, "percent_statements_covered_display": "100"}, "missing_lines": [], "excluded_lines": [], "start_line": 44}, "": {"executed_lines": [3, 5, 6, 7, 9, 10, 11, 12, 14, 15, 34, 36, 38, 40, 41, 44, 47, 48, 49, 50, 51, 52, 55, 58, 61, 64, 65, 68, 71, 81, 89, 95, 101, 102, 104, 112, 116, 124, 128, 136, 153, 161, 170, 178, 187, 195, 208, 216, 233, 241, 257, 260, 265, 266, 267], "summary": {"covered_lines": 55, "num_statements": 77, "percent_covered": 71.42857142857143, "percent_covered_display": "71", "missing_lines": 22, "excluded_lines": 0, "percent_statements_covered": 71.42857142857143, "percent_statements_covered_display": "71"}, "missing_lines": [113, 114, 125, 126, 143, 150, 151, 166, 167, 168, 183, 184, 185, 200, 205, 206, 223, 230, 231, 247, 253, 254], "excluded_lines": [], "start_line": 1}}}, "src/pycycle_mcp/main.py": {"executed_lines": [3, 5, 6, 7, 9, 11, 14, 16, 17, 26, 31, 37, 41, 46, 49, 51, 52, 56, 58, 59, 61, 62, 64, 65, 66, 67, 68, 69, 71, 72, 75], "summary": {"covered_lines": 31, "num_statements": 33, "percent_covered": 93.93939393939394, "percent_covered_display": "94", "missing_lines": 2, "excluded_lines": 0, "percent_statements_covered": 93.93939393939394, "percent_statements_covered_display": "94"}, "missing_lines": [53, 76], "excluded_lines": [], "functions": {"build_parser": {"executed_lines": [16, 17, 26, 31, 37, 41, 46], "summary": {"covered_lines": 7, "num_statements": 7, "percent_covered": 100.0, "percent_covered_display": "100", "missing_lines": 0, "excluded_lines": 0, "percent_statements_covered": 100.0, "percent_statements_covered_display": "100"}, "missing_lines": [], "excluded_lines": [], "start_line": 14}, "_normalize_transport": {"executed_lines": [51, 52], "summary": {"covered_lines": 2, "num_statements": 3, "percent_covered": 66.66666666666667, "percent_covered_display": "67", "missing_lines": 1, "excluded_lines": 0, "percent_statements_covered": 66.66666666666667, "percent_statements_covered_display": "67"}, "missing_lines": [53], "excluded_lines": [], "start_line": 49}, "main": {"executed_lines": [58, 59, 61, 62, 64, 65, 66, 67, 68, 69, 71, 72], "summary": {"covered_lines": 12, "num_statements": 12, "percent_covered": 100.0, "percent_covered_display": "100", "missing_lines": 0, "excluded_lines": 0, "percent_statements_covered": 100.0, "percent_statements_covered_display": "100"}, "missing_lines": [], "excluded_lines": [], "start_line": 56}, "": {"executed_lines": [3, 5, 6, 7, 9, 11, 14, 49, 56, 75], "summary": {"covered_lines": 10, "num_statements": 11, "percent_covered": 90.9090909090909, "percent_covered_display": "91", "missing_lines": 1, "excluded_lines": 0, "percent_statements_covered": 90.9090909090909, "percent_statements_covered_display": "91"}, "missing_lines": [76], "excluded_lines": [], "start_line": 1}}, "classes": {"": {"executed_lines": [3, 5, 6, 7, 9, 11, 14, 16, 17, 26, 31, 37, 41, 46, 49, 51, 52, 56, 58, 59, 61, 62, 64, 65, 66, 67, 68, 69, 71, 72, 75], "summary": {"covered_lines": 31, "num_statements": 33, "percent_covered": 93.93939393939394, "percent_covered_display": "94", "missing_lines": 2, "excluded_lines": 0, "percent_statements_covered": 93.93939393939394, "percent_statements_covered_display": "94"}, "missing_lines": [53, 76], "excluded_lines": [], "start_line": 1}}}, "src/pycycle_mcp/runtime.py": {"executed_lines": [], "summary": {"covered_lines": 0, "num_statements": 15, "percent_covered": 0.0, "percent_covered_display": "0", "missing_lines": 15, "excluded_lines": 0, "percent_statements_covered": 0.0, "percent_statements_covered_display": "0"}, "missing_lines": [3, 5, 6, 7, 9, 12, 13, 16, 17, 18, 19, 22, 25, 31, 34], "excluded_lines": [], "functions": {"configure_logging": {"executed_lines": [], "summary": {"covered_lines": 0, "num_statements": 1, "percent_covered": 0.0, "percent_covered_display": "0", "missing_lines": 1, "excluded_lines": 0, "percent_statements_covered": 0.0, "percent_statements_covered_display": "0"}, "missing_lines": [25], "excluded_lines": [], "start_line": 22}, "run_server": {"executed_lines": [], "summary": {"covered_lines": 0, "num_statements": 1, "percent_covered": 0.0, "percent_covered_display": "0", "missing_lines": 1, "excluded_lines": 0, "percent_statements_covered": 0.0, "percent_statements_covered_display": "0"}, "missing_lines": [34], "excluded_lines": [], "start_line": 31}, "": {"executed_lines": [], "summary": {"covered_lines": 0, "num_statements": 13, "percent_covered": 0.0, "percent_covered_display": "0", "missing_lines": 13, "excluded_lines": 0, "percent_statements_covered": 0.0, "percent_statements_covered_display": "0"}, "missing_lines": [3, 5, 6, 7, 9, 12, 13, 16, 17, 18, 19, 22, 31], "excluded_lines": [], "start_line": 1}}, "classes": {"ServerSettings": {"executed_lines": [], "summary": {"covered_lines": 0, "num_statements": 0, "percent_covered": 100.0, "percent_covered_display": "100", "missing_lines": 0, "excluded_lines": 0, "percent_statements_covered": 100.0, "percent_statements_covered_display": "100"}, "missing_lines": [], "excluded_lines": [], "start_line": 13}, "": {"executed_lines": [], "summary": {"covered_lines": 0, "num_statements": 15, "percent_covered": 0.0, "percent_covered_display": "0", "missing_lines": 15, "excluded_lines": 0, "percent_statements_covered": 0.0, "percent_statements_covered_display": "0"}, "missing_lines": [3, 5, 6, 7, 9, 12, 13, 16, 17, 18, 19, 22, 25, 31, 34], "excluded_lines": [], "start_line": 1}}}, "src/pycycle_mcp/schemas.py": {"executed_lines": [7, 9, 11, 14, 17, 18, 19, 21, 24, 27, 29, 32, 35, 36, 37, 38, 39, 40, 41, 42, 44, 47, 50, 51, 52, 53, 55, 58, 61, 62, 63, 64, 67, 70, 73, 76, 77, 78, 79, 80, 83, 86, 87, 88, 89, 90, 92, 95, 98, 101, 104, 105, 106, 108, 111, 114, 115, 118, 121, 122, 123, 125, 128, 131, 132, 135, 138, 139, 140, 142, 145, 148, 149, 150, 151, 152, 153, 156, 159, 160, 162, 165, 168, 169, 170, 171, 172, 174, 177, 180, 181, 182, 183, 185, 188, 191, 194, 197, 198, 199, 200, 202, 205, 208, 209], "summary": {"covered_lines": 105, "num_statements": 105, "percent_covered": 100.0, "percent_covered_display": "100", "missing_lines": 0, "excluded_lines": 0, "percent_statements_covered": 100.0, "percent_statements_covered_display": "100"}, "missing_lines": [], "excluded_lines": [], "functions": {"": {"executed_lines": [7, 9, 11, 14, 17, 18, 19, 21, 24, 27, 29, 32, 35, 36, 37, 38, 39, 40, 41, 42, 44, 47, 50, 51, 52, 53, 55, 58, 61, 62, 63, 64, 67, 70, 73, 76, 77, 78, 79, 80, 83, 86, 87, 88, 89, 90, 92, 95, 98, 101, 104, 105, 106, 108, 111, 114, 115, 118, 121, 122, 123, 125, 128, 131, 132, 135, 138, 139, 140, 142, 145, 148, 149, 150, 151, 152, 153, 156, 159, 160, 162, 165, 168, 169, 170, 171, 172, 174, 177, 180, 181, 182, 183, 185, 188, 191, 194, 197, 198, 199, 200, 202, 205, 208, 209], "summary": {"covered_lines": 105, "num_statements": 105, "percent_covered": 100.0, "percent_covered_display": "100", "missing_lines": 0, "excluded_lines": 0, "percent_statements_covered": 100.0, "percent_statements_covered_display": "100"}, "missing_lines": [], "excluded_lines": [], "start_line": 1}}, "classes": {"ToolError": {"executed_lines": [], "summary": {"covered_lines": 0, "num_statements": 0, "percent_covered": 100.0, "percent_covered_display": "100", "missing_lines": 0, "excluded_lines": 0, "percent_statements_covered": 100.0, "percent_statements_covered_display": "100"}, "missing_lines": [], "excluded_lines": [], "start_line": 14}, "BaseResponse": {"executed_lines": [], "summary": {"covered_lines": 0, "num_statements": 0, "percent_covered": 100.0, "percent_covered_display": "100", "missing_lines": 0, "excluded_lines": 0, "percent_statements_covered": 100.0, "percent_statements_covered_display": "100"}, "missing_lines": [], "excluded_lines": [], "start_line": 24}, "NamedVariable": {"executed_lines": [], "summary": {"covered_lines": 0, "num_statements": 0, "percent_covered": 100.0, "percent_covered_display": "100", "missing_lines": 0, "excluded_lines": 0, "percent_statements_covered": 100.0, "percent_statements_covered_display": "100"}, "missing_lines": [], "excluded_lines": [], "start_line": 32}, "CreateCycleModelRequest": {"executed_lines": [], "summary": {"covered_lines": 0, "num_statements": 0, "percent_covered": 100.0, "percent_covered_display": "100", "missing_lines": 0, "excluded_lines": 0, "percent_statements_covered": 100.0, "percent_statements_covered_display": "100"}, "missing_lines": [], "excluded_lines": [], "start_line": 47}, "CreateCycleModelResponse": {"executed_lines": [], "summary": {"covered_lines": 0, "num_statements": 0, "percent_covered": 100.0, "percent_covered_display": "100", "missing_lines": 0, "excluded_lines": 0, "percent_statements_covered": 100.0, "percent_statements_covered_display": "100"}, "missing_lines": [], "excluded_lines": [], "start_line": 58}, "CloseCycleModelResponse": {"executed_lines": [], "summary": {"covered_lines": 0, "num_statements": 0, "percent_covered": 100.0, "percent_covered_display": "100", "missing_lines": 0, "excluded_lines": 0, "percent_statements_covered": 100.0, "percent_statements_covered_display": "100"}, "missing_lines": [], "excluded_lines": [], "start_line": 67}, "CycleSummaryResponse": {"executed_lines": [], "summary": {"covered_lines": 0, "num_statements": 0, "percent_covered": 100.0, "percent_covered_display": "100", "missing_lines": 0, "excluded_lines": 0, "percent_statements_covered": 100.0, "percent_statements_covered_display": "100"}, "missing_lines": [], "excluded_lines": [], "start_line": 73}, "ListVariablesRequest": {"executed_lines": [], "summary": {"covered_lines": 0, "num_statements": 0, "percent_covered": 100.0, "percent_covered_display": "100", "missing_lines": 0, "excluded_lines": 0, "percent_statements_covered": 100.0, "percent_statements_covered_display": "100"}, "missing_lines": [], "excluded_lines": [], "start_line": 83}, "ListVariablesResponse": {"executed_lines": [], "summary": {"covered_lines": 0, "num_statements": 0, "percent_covered": 100.0, "percent_covered_display": "100", "missing_lines": 0, "excluded_lines": 0, "percent_statements_covered": 100.0, "percent_statements_covered_display": "100"}, "missing_lines": [], "excluded_lines": [], "start_line": 95}, "SetInputsRequest": {"executed_lines": [], "summary": {"covered_lines": 0, "num_statements": 0, "percent_covered": 100.0, "percent_covered_display": "100", "missing_lines": 0, "excluded_lines": 0, "percent_statements_covered": 100.0, "percent_statements_covered_display": "100"}, "missing_lines": [], "excluded_lines": [], "start_line": 101}, "SetInputsResponse": {"executed_lines": [], "summary": {"covered_lines": 0, "num_statements": 0, "percent_covered": 100.0, "percent_covered_display": "100", "missing_lines": 0, "excluded_lines": 0, "percent_statements_covered": 100.0, "percent_statements_covered_display": "100"}, "missing_lines": [], "excluded_lines": [], "start_line": 111}, "GetOutputsRequest": {"executed_lines": [], "summary": {"covered_lines": 0, "num_statements": 0, "percent_covered": 100.0, "percent_covered_display": "100", "missing_lines": 0, "excluded_lines": 0, "percent_statements_covered": 100.0, "percent_statements_covered_display": "100"}, "missing_lines": [], "excluded_lines": [], "start_line": 118}, "GetOutputsResponse": {"executed_lines": [], "summary": {"covered_lines": 0, "num_statements": 0, "percent_covered": 100.0, "percent_covered_display": "100", "missing_lines": 0, "excluded_lines": 0, "percent_statements_covered": 100.0, "percent_statements_covered_display": "100"}, "missing_lines": [], "excluded_lines": [], "start_line": 128}, "RunCycleRequest": {"executed_lines": [], "summary": {"covered_lines": 0, "num_statements": 0, "percent_covered": 100.0, "percent_covered_display": "100", "missing_lines": 0, "excluded_lines": 0, "percent_statements_covered": 100.0, "percent_statements_covered_display": "100"}, "missing_lines": [], "excluded_lines": [], "start_line": 135}, "RunCycleResponse": {"executed_lines": [], "summary": {"covered_lines": 0, "num_statements": 0, "percent_covered": 100.0, "percent_covered_display": "100", "missing_lines": 0, "excluded_lines": 0, "percent_statements_covered": 100.0, "percent_statements_covered_display": "100"}, "missing_lines": [], "excluded_lines": [], "start_line": 145}, "SweepVariable": {"executed_lines": [], "summary": {"covered_lines": 0, "num_statements": 0, "percent_covered": 100.0, "percent_covered_display": "100", "missing_lines": 0, "excluded_lines": 0, "percent_statements_covered": 100.0, "percent_statements_covered_display": "100"}, "missing_lines": [], "excluded_lines": [], "start_line": 156}, "SweepInputsRequest": {"executed_lines": [], "summary": {"covered_lines": 0, "num_statements": 0, "percent_covered": 100.0, "percent_covered_display": "100", "missing_lines": 0, "excluded_lines": 0, "percent_statements_covered": 100.0, "percent_statements_covered_display": "100"}, "missing_lines": [], "excluded_lines": [], "start_line": 165}, "SweepResult": {"executed_lines": [], "summary": {"covered_lines": 0, "num_statements": 0, "percent_covered": 100.0, "percent_covered_display": "100", "missing_lines": 0, "excluded_lines": 0, "percent_statements_covered": 100.0, "percent_statements_covered_display": "100"}, "missing_lines": [], "excluded_lines": [], "start_line": 177}, "SweepInputsResponse": {"executed_lines": [], "summary": {"covered_lines": 0, "num_statements": 0, "percent_covered": 100.0, "percent_covered_display": "100", "missing_lines": 0, "excluded_lines": 0, "percent_statements_covered": 100.0, "percent_statements_covered_display": "100"}, "missing_lines": [], "excluded_lines": [], "start_line": 188}, "ComputeTotalsRequest": {"executed_lines": [], "summary": {"covered_lines": 0, "num_statements": 0, "percent_covered": 100.0, "percent_covered_display": "100", "missing_lines": 0, "excluded_lines": 0, "percent_statements_covered": 100.0, "percent_statements_covered_display": "100"}, "missing_lines": [], "excluded_lines": [], "start_line": 194}, "ComputeTotalsResponse": {"executed_lines": [], "summary": {"covered_lines": 0, "num_statements": 0, "percent_covered": 100.0, "percent_covered_display": "100", "missing_lines": 0, "excluded_lines": 0, "percent_statements_covered": 100.0, "percent_statements_covered_display": "100"}, "missing_lines": [], "excluded_lines": [], "start_line": 205}, "": {"executed_lines": [7, 9, 11, 14, 17, 18, 19, 21, 24, 27, 29, 32, 35, 36, 37, 38, 39, 40, 41, 42, 44, 47, 50, 51, 52, 53, 55, 58, 61, 62, 63, 64, 67, 70, 73, 76, 77, 78, 79, 80, 83, 86, 87, 88, 89, 90, 92, 95, 98, 101, 104, 105, 106, 108, 111, 114, 115, 118, 121, 122, 123, 125, 128, 131, 132, 135, 138, 139, 140, 142, 145, 148, 149, 150, 151, 152, 153, 156, 159, 160, 162, 165, 168, 169, 170, 171, 172, 174, 177, 180, 181, 182, 183, 185, 188, 191, 194, 197, 198, 199, 200, 202, 205, 208, 209], "summary": {"covered_lines": 105, "num_statements": 105, "percent_covered": 100.0, "percent_covered_display": "100", "missing_lines": 0, "excluded_lines": 0, "percent_statements_covered": 100.0, "percent_statements_covered_display": "100"}, "missing_lines": [], "excluded_lines": [], "start_line": 1}}}, "src/pycycle_mcp/session_manager.py": {"executed_lines": [3, 5, 6, 8, 11, 12, 15, 16, 19, 22, 23, 25, 28, 29, 30, 32, 35, 36, 37, 38, 40, 43, 44, 47, 48], "summary": {"covered_lines": 25, "num_statements": 25, "percent_covered": 100.0, "percent_covered_display": "100", "missing_lines": 0, "excluded_lines": 0, "percent_statements_covered": 100.0, "percent_statements_covered_display": "100"}, "missing_lines": [], "excluded_lines": [], "functions": {"SessionManager.__init__": {"executed_lines": [23], "summary": {"covered_lines": 1, "num_statements": 1, "percent_covered": 100.0, "percent_covered_display": "100", "missing_lines": 0, "excluded_lines": 0, "percent_statements_covered": 100.0, "percent_statements_covered_display": "100"}, "missing_lines": [], "excluded_lines": [], "start_line": 22}, "SessionManager.create_session": {"executed_lines": [28, 29, 30], "summary": {"covered_lines": 3, "num_statements": 3, "percent_covered": 100.0, "percent_covered_display": "100", "missing_lines": 0, "excluded_lines": 0, "percent_statements_covered": 100.0, "percent_statements_covered_display": "100"}, "missing_lines": [], "excluded_lines": [], "start_line": 25}, "SessionManager.get": {"executed_lines": [35, 36, 37, 38], "summary": {"covered_lines": 4, "num_statements": 4, "percent_covered": 100.0, "percent_covered_display": "100", "missing_lines": 0, "excluded_lines": 0, "percent_statements_covered": 100.0, "percent_statements_covered_display": "100"}, "missing_lines": [], "excluded_lines": [], "start_line": 32}, "SessionManager.close": {"executed_lines": [43, 44], "summary": {"covered_lines": 2, "num_statements": 2, "percent_covered": 100.0, "percent_covered_display": "100", "missing_lines": 0, "excluded_lines": 0, "percent_statements_covered": 100.0, "percent_statements_covered_display": "100"}, "missing_lines": [], "excluded_lines": [], "start_line": 40}, "": {"executed_lines": [3, 5, 6, 8, 11, 12, 15, 16, 19, 22, 25, 32, 40, 47, 48], "summary": {"covered_lines": 15, "num_statements": 15, "percent_covered": 100.0, "percent_covered_display": "100", "missing_lines": 0, "excluded_lines": 0, "percent_statements_covered": 100.0, "percent_statements_covered_display": "100"}, "missing_lines": [], "excluded_lines": [], "start_line": 1}}, "classes": {"SessionRecord": {"executed_lines": [], "summary": {"covered_lines": 0, "num_statements": 0, "percent_covered": 100.0, "percent_covered_display": "100", "missing_lines": 0, "excluded_lines": 0, "percent_statements_covered": 100.0, "percent_statements_covered_display": "100"}, "missing_lines": [], "excluded_lines": [], "start_line": 12}, "SessionManager": {"executed_lines": [23, 28, 29, 30, 35, 36, 37, 38, 43, 44], "summary": {"covered_lines": 10, "num_statements": 10, "percent_covered": 100.0, "percent_covered_display": "100", "missing_lines": 0, "excluded_lines": 0, "percent_statements_covered": 100.0, "percent_statements_covered_display": "100"}, "missing_lines": [], "excluded_lines": [], "start_line": 19}, "": {"executed_lines": [3, 5, 6, 8, 11, 12, 15, 16, 19, 22, 25, 32, 40, 47, 48], "summary": {"covered_lines": 15, "num_statements": 15, "percent_covered": 100.0, "percent_covered_display": "100", "missing_lines": 0, "excluded_lines": 0, "percent_statements_covered": 100.0, "percent_statements_covered_display": "100"}, "missing_lines": [], "excluded_lines": [], "start_line": 1}}}, "src/pycycle_mcp/tools/__init__.py": {"executed_lines": [3, 4, 5, 6, 7, 8, 10], "summary": {"covered_lines": 7, "num_statements": 7, "percent_covered": 100.0, "percent_covered_display": "100", "missing_lines": 0, "excluded_lines": 0, "percent_statements_covered": 100.0, "percent_statements_covered_display": "100"}, "missing_lines": [], "excluded_lines": [], "functions": {"": {"executed_lines": [3, 4, 5, 6, 7, 8, 10], "summary": {"covered_lines": 7, "num_statements": 7, "percent_covered": 100.0, "percent_covered_display": "100", "missing_lines": 0, "excluded_lines": 0, "percent_statements_covered": 100.0, "percent_statements_covered_display": "100"}, "missing_lines": [], "excluded_lines": [], "start_line": 1}}, "classes": {"": {"executed_lines": [3, 4, 5, 6, 7, 8, 10], "summary": {"covered_lines": 7, "num_statements": 7, "percent_covered": 100.0, "percent_covered_display": "100", "missing_lines": 0, "excluded_lines": 0, "percent_statements_covered": 100.0, "percent_statements_covered_display": "100"}, "missing_lines": [], "excluded_lines": [], "start_line": 1}}}, "src/pycycle_mcp/tools/create_model.py": {"executed_lines": [3, 5, 6, 8, 9, 10, 11, 17, 19, 20, 23, 26, 53, 77, 118, 119, 120, 122, 123, 126, 129, 130, 132, 133, 135, 136, 137, 138, 139, 140, 141, 143, 146, 149, 150, 151, 152, 154, 155, 157, 158, 159, 161, 162, 166, 167, 168, 170, 181, 195, 198, 199, 202, 203, 204, 205, 206, 207, 209, 212, 213, 214, 222, 224], "summary": {"covered_lines": 64, "num_statements": 136, "percent_covered": 47.05882352941177, "percent_covered_display": "47", "missing_lines": 72, "excluded_lines": 7, "percent_statements_covered": 47.05882352941177, "percent_statements_covered_display": "47"}, "missing_lines": [34, 35, 36, 37, 39, 40, 42, 46, 47, 48, 49, 50, 54, 55, 56, 57, 59, 60, 61, 63, 66, 68, 69, 70, 71, 72, 74, 79, 80, 82, 83, 84, 85, 86, 87, 88, 89, 90, 91, 92, 93, 94, 96, 97, 98, 99, 100, 101, 103, 104, 105, 106, 107, 108, 109, 110, 111, 112, 113, 114, 115, 160, 164, 184, 185, 186, 188, 189, 190, 200, 231, 232], "excluded_lines": [176, 177, 178, 191, 192, 233, 234], "functions": {"_resolve_builtin_cycle": {"executed_lines": [], "summary": {"covered_lines": 0, "num_statements": 12, "percent_covered": 0.0, "percent_covered_display": "0", "missing_lines": 12, "excluded_lines": 0, "percent_statements_covered": 0.0, "percent_statements_covered_display": "0"}, "missing_lines": [34, 35, 36, 37, 39, 40, 42, 46, 47, 48, 49, 50], "excluded_lines": [], "start_line": 26}, "_build_problem": {"executed_lines": [], "summary": {"covered_lines": 0, "num_statements": 15, "percent_covered": 0.0, "percent_covered_display": "0", "missing_lines": 15, "excluded_lines": 0, "percent_statements_covered": 0.0, "percent_statements_covered_display": "0"}, "missing_lines": [54, 55, 56, 57, 59, 60, 61, 63, 66, 68, 69, 70, 71, 72, 74], "excluded_lines": [], "start_line": 53}, "_apply_design_defaults": {"executed_lines": [], "summary": {"covered_lines": 0, "num_statements": 34, "percent_covered": 0.0, "percent_covered_display": "0", "missing_lines": 34, "excluded_lines": 0, "percent_statements_covered": 0.0, "percent_statements_covered_display": "0"}, "missing_lines": [79, 80, 82, 83, 84, 85, 86, 87, 88, 89, 90, 91, 92, 93, 94, 96, 97, 98, 99, 100, 101, 103, 104, 105, 106, 107, 108, 109, 110, 111, 112, 113, 114, 115], "excluded_lines": [], "start_line": 77}, "_extract_variables": {"executed_lines": [119, 120, 122, 123], "summary": {"covered_lines": 4, "num_statements": 4, "percent_covered": 100.0, "percent_covered_display": "100", "missing_lines": 0, "excluded_lines": 0, "percent_statements_covered": 100.0, "percent_statements_covered_display": "100"}, "missing_lines": [], "excluded_lines": [], "start_line": 118}, "_summarize_variables": {"executed_lines": [129, 130, 132, 133, 135, 143], "summary": {"covered_lines": 6, "num_statements": 6, "percent_covered": 100.0, "percent_covered_display": "100", "missing_lines": 0, "excluded_lines": 0, "percent_statements_covered": 100.0, "percent_statements_covered_display": "100"}, "missing_lines": [], "excluded_lines": [], "start_line": 126}, "_summarize_variables._render": {"executed_lines": [136, 137, 138, 139, 140, 141], "summary": {"covered_lines": 6, "num_statements": 6, "percent_covered": 100.0, "percent_covered_display": "100", "missing_lines": 0, "excluded_lines": 0, "percent_statements_covered": 100.0, "percent_statements_covered_display": "100"}, "missing_lines": [], "excluded_lines": [], "start_line": 135}, "create_cycle_model": {"executed_lines": [149, 150, 151, 152, 154, 155, 157, 158, 159, 161, 162, 166, 167, 168, 170], "summary": {"covered_lines": 15, "num_statements": 17, "percent_covered": 88.23529411764706, "percent_covered_display": "88", "missing_lines": 2, "excluded_lines": 3, "percent_statements_covered": 88.23529411764706, "percent_statements_covered_display": "88"}, "missing_lines": [160, 164], "excluded_lines": [176, 177, 178], "start_line": 146}, "close_cycle_model": {"executed_lines": [], "summary": {"covered_lines": 0, "num_statements": 6, "percent_covered": 0.0, "percent_covered_display": "0", "missing_lines": 6, "excluded_lines": 2, "percent_statements_covered": 0.0, "percent_statements_covered_display": "0"}, "missing_lines": [184, 185, 186, 188, 189, 190], "excluded_lines": [191, 192], "start_line": 181}, "get_cycle_summary": {"executed_lines": [198, 199, 202, 203, 204, 205, 206, 207, 209, 224], "summary": {"covered_lines": 10, "num_statements": 13, "percent_covered": 76.92307692307692, "percent_covered_display": "77", "missing_lines": 3, "excluded_lines": 2, "percent_statements_covered": 76.92307692307692, "percent_statements_covered_display": "77"}, "missing_lines": [200, 231, 232], "excluded_lines": [233, 234], "start_line": 195}, "get_cycle_summary._populate": {"executed_lines": [212, 213, 214, 222], "summary": {"covered_lines": 4, "num_statements": 4, "percent_covered": 100.0, "percent_covered_display": "100", "missing_lines": 0, "excluded_lines": 0, "percent_statements_covered": 100.0, "percent_statements_covered_display": "100"}, "missing_lines": [], "excluded_lines": [], "start_line": 209}, "": {"executed_lines": [3, 5, 6, 8, 9, 10, 11, 17, 19, 20, 23, 26, 53, 77, 118, 126, 146, 181, 195], "summary": {"covered_lines": 19, "num_statements": 19, "percent_covered": 100.0, "percent_covered_display": "100", "missing_lines": 0, "excluded_lines": 0, "percent_statements_covered": 100.0, "percent_statements_covered_display": "100"}, "missing_lines": [], "excluded_lines": [], "start_line": 1}}, "classes": {"": {"executed_lines": [3, 5, 6, 8, 9, 10, 11, 17, 19, 20, 23, 26, 53, 77, 118, 119, 120, 122, 123, 126, 129, 130, 132, 133, 135, 136, 137, 138, 139, 140, 141, 143, 146, 149, 150, 151, 152, 154, 155, 157, 158, 159, 161, 162, 166, 167, 168, 170, 181, 195, 198, 199, 202, 203, 204, 205, 206, 207, 209, 212, 213, 214, 222, 224], "summary": {"covered_lines": 64, "num_statements": 136, "percent_covered": 47.05882352941177, "percent_covered_display": "47", "missing_lines": 72, "excluded_lines": 7, "percent_statements_covered": 47.05882352941177, "percent_statements_covered_display": "47"}, "missing_lines": [34, 35, 36, 37, 39, 40, 42, 46, 47, 48, 49, 50, 54, 55, 56, 57, 59, 60, 61, 63, 66, 68, 69, 70, 71, 72, 74, 79, 80, 82, 83, 84, 85, 86, 87, 88, 89, 90, 91, 92, 93, 94, 96, 97, 98, 99, 100, 101, 103, 104, 105, 106, 107, 108, 109, 110, 111, 112, 113, 114, 115, 160, 164, 184, 185, 186, 188, 189, 190, 200, 231, 232], "excluded_lines": [176, 177, 178, 191, 192, 233, 234], "start_line": 1}}}, "src/pycycle_mcp/tools/derivatives.py": {"executed_lines": [3, 5, 7, 8, 9, 12, 15, 16, 17, 18, 21, 24, 25, 26, 27, 29, 31, 34, 35, 36, 38, 48, 50], "summary": {"covered_lines": 23, "num_statements": 35, "percent_covered": 65.71428571428571, "percent_covered_display": "66", "missing_lines": 12, "excluded_lines": 2, "percent_statements_covered": 65.71428571428571, "percent_statements_covered_display": "66"}, "missing_lines": [30, 32, 39, 40, 41, 42, 43, 44, 45, 46, 51, 52], "excluded_lines": [53, 54], "functions": {"_format_by_pair": {"executed_lines": [15, 16, 17, 18], "summary": {"covered_lines": 4, "num_statements": 4, "percent_covered": 100.0, "percent_covered_display": "100", "missing_lines": 0, "excluded_lines": 0, "percent_statements_covered": 100.0, "percent_statements_covered_display": "100"}, "missing_lines": [], "excluded_lines": [], "start_line": 12}, "compute_totals": {"executed_lines": [24, 25, 26, 27, 29, 31, 34, 35, 36, 38, 48, 50], "summary": {"covered_lines": 12, "num_statements": 24, "percent_covered": 50.0, "percent_covered_display": "50", "missing_lines": 12, "excluded_lines": 2, "percent_statements_covered": 50.0, "percent_statements_covered_display": "50"}, "missing_lines": [30, 32, 39, 40, 41, 42, 43, 44, 45, 46, 51, 52], "excluded_lines": [53, 54], "start_line": 21}, "": {"executed_lines": [3, 5, 7, 8, 9, 12, 21], "summary": {"covered_lines": 7, "num_statements": 7, "percent_covered": 100.0, "percent_covered_display": "100", "missing_lines": 0, "excluded_lines": 0, "percent_statements_covered": 100.0, "percent_statements_covered_display": "100"}, "missing_lines": [], "excluded_lines": [], "start_line": 1}}, "classes": {"": {"executed_lines": [3, 5, 7, 8, 9, 12, 15, 16, 17, 18, 21, 24, 25, 26, 27, 29, 31, 34, 35, 36, 38, 48, 50], "summary": {"covered_lines": 23, "num_statements": 35, "percent_covered": 65.71428571428571, "percent_covered_display": "66", "missing_lines": 12, "excluded_lines": 2, "percent_statements_covered": 65.71428571428571, "percent_statements_covered_display": "66"}, "missing_lines": [30, 32, 39, 40, 41, 42, 43, 44, 45, 46, 51, 52], "excluded_lines": [53, 54], "start_line": 1}}}, "src/pycycle_mcp/tools/execution.py": {"executed_lines": [3, 5, 7, 9, 10, 11, 13, 15, 25, 39, 42, 43, 44, 46, 49, 50, 51, 52, 53, 54, 58, 59, 64, 65, 66, 67, 68, 69, 70, 72], "summary": {"covered_lines": 30, "num_statements": 48, "percent_covered": 62.5, "percent_covered_display": "62", "missing_lines": 18, "excluded_lines": 2, "percent_statements_covered": 62.5, "percent_statements_covered_display": "62"}, "missing_lines": [27, 28, 29, 30, 31, 32, 33, 34, 35, 36, 47, 55, 56, 60, 61, 62, 77, 78], "excluded_lines": [79, 80], "functions": {"_to_serializable": {"executed_lines": [], "summary": {"covered_lines": 0, "num_statements": 10, "percent_covered": 0.0, "percent_covered_display": "0", "missing_lines": 10, "excluded_lines": 0, "percent_statements_covered": 0.0, "percent_statements_covered_display": "0"}, "missing_lines": [27, 28, 29, 30, 31, 32, 33, 34, 35, 36], "excluded_lines": [], "start_line": 25}, "run_cycle": {"executed_lines": [42, 43, 44, 46, 49, 50, 51, 52, 53, 54, 58, 59, 64, 65, 66, 67, 68, 69, 70, 72], "summary": {"covered_lines": 20, "num_statements": 28, "percent_covered": 71.42857142857143, "percent_covered_display": "71", "missing_lines": 8, "excluded_lines": 2, "percent_statements_covered": 71.42857142857143, "percent_statements_covered_display": "71"}, "missing_lines": [47, 55, 56, 60, 61, 62, 77, 78], "excluded_lines": [79, 80], "start_line": 39}, "": {"executed_lines": [3, 5, 7, 9, 10, 11, 13, 15, 25, 39], "summary": {"covered_lines": 10, "num_statements": 10, "percent_covered": 100.0, "percent_covered_display": "100", "missing_lines": 0, "excluded_lines": 0, "percent_statements_covered": 100.0, "percent_statements_covered_display": "100"}, "missing_lines": [], "excluded_lines": [], "start_line": 1}}, "classes": {"": {"executed_lines": [3, 5, 7, 9, 10, 11, 13, 15, 25, 39, 42, 43, 44, 46, 49, 50, 51, 52, 53, 54, 58, 59, 64, 65, 66, 67, 68, 69, 70, 72], "summary": {"covered_lines": 30, "num_statements": 48, "percent_covered": 62.5, "percent_covered_display": "62", "missing_lines": 18, "excluded_lines": 2, "percent_statements_covered": 62.5, "percent_statements_covered_display": "62"}, "missing_lines": [27, 28, 29, 30, 31, 32, 33, 34, 35, 36, 47, 55, 56, 60, 61, 62, 77, 78], "excluded_lines": [79, 80], "start_line": 1}}}, "src/pycycle_mcp/tools/ping.py": {"executed_lines": [3, 5, 8, 11, 14, 17, 18, 19, 25, 28, 29], "summary": {"covered_lines": 11, "num_statements": 11, "percent_covered": 100.0, "percent_covered_display": "100", "missing_lines": 0, "excluded_lines": 0, "percent_statements_covered": 100.0, "percent_statements_covered_display": "100"}, "missing_lines": [], "excluded_lines": [], "functions": {"ping": {"executed_lines": [28, 29], "summary": {"covered_lines": 2, "num_statements": 2, "percent_covered": 100.0, "percent_covered_display": "100", "missing_lines": 0, "excluded_lines": 0, "percent_statements_covered": 100.0, "percent_statements_covered_display": "100"}, "missing_lines": [], "excluded_lines": [], "start_line": 25}, "": {"executed_lines": [3, 5, 8, 11, 14, 17, 18, 19, 25], "summary": {"covered_lines": 9, "num_statements": 9, "percent_covered": 100.0, "percent_covered_display": "100", "missing_lines": 0, "excluded_lines": 0, "percent_statements_covered": 100.0, "percent_statements_covered_display": "100"}, "missing_lines": [], "excluded_lines": [], "start_line": 1}}, "classes": {"PingRequest": {"executed_lines": [], "summary": {"covered_lines": 0, "num_statements": 0, "percent_covered": 100.0, "percent_covered_display": "100", "missing_lines": 0, "excluded_lines": 0, "percent_statements_covered": 100.0, "percent_statements_covered_display": "100"}, "missing_lines": [], "excluded_lines": [], "start_line": 8}, "PingResponse": {"executed_lines": [], "summary": {"covered_lines": 0, "num_statements": 0, "percent_covered": 100.0, "percent_covered_display": "100", "missing_lines": 0, "excluded_lines": 0, "percent_statements_covered": 100.0, "percent_statements_covered_display": "100"}, "missing_lines": [], "excluded_lines": [], "start_line": 14}, "": {"executed_lines": [3, 5, 8, 11, 14, 17, 18, 19, 25, 28, 29], "summary": {"covered_lines": 11, "num_statements": 11, "percent_covered": 100.0, "percent_covered_display": "100", "missing_lines": 0, "excluded_lines": 0, "percent_statements_covered": 100.0, "percent_statements_covered_display": "100"}, "missing_lines": [], "excluded_lines": [], "start_line": 1}}}, "src/pycycle_mcp/tools/sweep.py": {"executed_lines": [3, 5, 6, 7, 8, 11, 14, 15, 16, 17, 18, 19, 20, 22, 24, 27, 28, 29, 30, 36, 37, 38, 41, 42, 43, 44, 51, 52, 73], "summary": {"covered_lines": 29, "num_statements": 38, "percent_covered": 76.3157894736842, "percent_covered_display": "76", "missing_lines": 9, "excluded_lines": 2, "percent_statements_covered": 76.3157894736842, "percent_statements_covered_display": "76"}, "missing_lines": [23, 25, 60, 61, 62, 70, 71, 74, 75], "excluded_lines": [76, 77], "functions": {"sweep_inputs": {"executed_lines": [14, 15, 16, 17, 18, 19, 20, 22, 24, 27, 28, 29, 30, 36, 37, 38, 41, 42, 43, 44, 51, 52, 73], "summary": {"covered_lines": 23, "num_statements": 32, "percent_covered": 71.875, "percent_covered_display": "72", "missing_lines": 9, "excluded_lines": 2, "percent_statements_covered": 71.875, "percent_statements_covered_display": "72"}, "missing_lines": [23, 25, 60, 61, 62, 70, 71, 74, 75], "excluded_lines": [76, 77], "start_line": 11}, "": {"executed_lines": [3, 5, 6, 7, 8, 11], "summary": {"covered_lines": 6, "num_statements": 6, "percent_covered": 100.0, "percent_covered_display": "100", "missing_lines": 0, "excluded_lines": 0, "percent_statements_covered": 100.0, "percent_statements_covered_display": "100"}, "missing_lines": [], "excluded_lines": [], "start_line": 1}}, "classes": {"": {"executed_lines": [3, 5, 6, 7, 8, 11, 14, 15, 16, 17, 18, 19, 20, 22, 24, 27, 28, 29, 30, 36, 37, 38, 41, 42, 43, 44, 51, 52, 73], "summary": {"covered_lines": 29, "num_statements": 38, "percent_covered": 76.3157894736842, "percent_covered_display": "76", "missing_lines": 9, "excluded_lines": 2, "percent_statements_covered": 76.3157894736842, "percent_statements_covered_display": "76"}, "missing_lines": [23, 25, 60, 61, 62, 70, 71, 74, 75], "excluded_lines": [76, 77], "start_line": 1}}}, "src/pycycle_mcp/tools/variables.py": {"executed_lines": [3, 5, 6, 7, 10, 13, 14, 17, 18, 19, 20, 21, 23, 24, 25, 27, 28, 29, 31, 33, 35, 43, 50, 53, 54, 55, 57, 59, 62, 63, 64, 65, 67, 68, 69, 70, 77, 84, 87, 88, 89, 91, 93, 96, 97, 98, 99, 101, 102, 103, 104, 105, 106, 107, 111], "summary": {"covered_lines": 55, "num_statements": 79, "percent_covered": 69.62025316455696, "percent_covered_display": "70", "missing_lines": 24, "excluded_lines": 6, "percent_statements_covered": 69.62025316455696, "percent_statements_covered_display": "70"}, "missing_lines": [15, 30, 32, 36, 37, 38, 39, 40, 41, 44, 45, 58, 60, 71, 72, 73, 75, 78, 79, 92, 94, 109, 112, 113], "excluded_lines": [46, 47, 80, 81, 114, 115], "functions": {"list_variables": {"executed_lines": [13, 14, 17, 18, 19, 20, 21, 23, 24, 25, 27, 28, 29, 31, 33, 35, 43], "summary": {"covered_lines": 17, "num_statements": 28, "percent_covered": 60.714285714285715, "percent_covered_display": "61", "missing_lines": 11, "excluded_lines": 2, "percent_statements_covered": 60.714285714285715, "percent_statements_covered_display": "61"}, "missing_lines": [15, 30, 32, 36, 37, 38, 39, 40, 41, 44, 45], "excluded_lines": [46, 47], "start_line": 10}, "set_inputs": {"executed_lines": [53, 54, 55, 57, 59, 62, 63, 64, 65, 67, 68, 69, 70, 77], "summary": {"covered_lines": 14, "num_statements": 22, "percent_covered": 63.63636363636363, "percent_covered_display": "64", "missing_lines": 8, "excluded_lines": 2, "percent_statements_covered": 63.63636363636363, "percent_statements_covered_display": "64"}, "missing_lines": [58, 60, 71, 72, 73, 75, 78, 79], "excluded_lines": [80, 81], "start_line": 50}, "get_outputs": {"executed_lines": [87, 88, 89, 91, 93, 96, 97, 98, 99, 101, 102, 103, 104, 105, 106, 107, 111], "summary": {"covered_lines": 17, "num_statements": 22, "percent_covered": 77.27272727272727, "percent_covered_display": "77", "missing_lines": 5, "excluded_lines": 2, "percent_statements_covered": 77.27272727272727, "percent_statements_covered_display": "77"}, "missing_lines": [92, 94, 109, 112, 113], "excluded_lines": [114, 115], "start_line": 84}, "": {"executed_lines": [3, 5, 6, 7, 10, 50, 84], "summary": {"covered_lines": 7, "num_statements": 7, "percent_covered": 100.0, "percent_covered_display": "100", "missing_lines": 0, "excluded_lines": 0, "percent_statements_covered": 100.0, "percent_statements_covered_display": "100"}, "missing_lines": [], "excluded_lines": [], "start_line": 1}}, "classes": {"": {"executed_lines": [3, 5, 6, 7, 10, 13, 14, 17, 18, 19, 20, 21, 23, 24, 25, 27, 28, 29, 31, 33, 35, 43, 50, 53, 54, 55, 57, 59, 62, 63, 64, 65, 67, 68, 69, 70, 77, 84, 87, 88, 89, 91, 93, 96, 97, 98, 99, 101, 102, 103, 104, 105, 106, 107, 111], "summary": {"covered_lines": 55, "num_statements": 79, "percent_covered": 69.62025316455696, "percent_covered_display": "70", "missing_lines": 24, "excluded_lines": 6, "percent_statements_covered": 69.62025316455696, "percent_statements_covered_display": "70"}, "missing_lines": [15, 30, 32, 36, 37, 38, 39, 40, 41, 44, 45, 58, 60, 71, 72, 73, 75, 78, 79, 92, 94, 109, 112, 113], "excluded_lines": [46, 47, 80, 81, 114, 115], "start_line": 1}}}, "src/pycycle_mcp/types.py": {"executed_lines": [3, 5, 8, 9, 10, 23, 24, 25, 26, 27], "summary": {"covered_lines": 10, "num_statements": 10, "percent_covered": 100.0, "percent_covered_display": "100", "missing_lines": 0, "excluded_lines": 37, "percent_statements_covered": 100.0, "percent_statements_covered_display": "100"}, "missing_lines": [], "excluded_lines": [12, 13, 14, 15, 16, 17, 18, 19, 20, 21, 22, 29, 30, 31, 32, 33, 34, 35, 36, 37, 38, 39, 40, 41, 42, 43, 44, 45, 46, 47, 48, 49, 50, 51, 52, 53, 54], "functions": {"CycleModel.list_inputs": {"executed_lines": [], "summary": {"covered_lines": 0, "num_statements": 0, "percent_covered": 100.0, "percent_covered_display": "100", "missing_lines": 0, "excluded_lines": 1, "percent_statements_covered": 100.0, "percent_statements_covered_display": "100"}, "missing_lines": [], "excluded_lines": [15], "start_line": 12}, "CycleModel.list_outputs": {"executed_lines": [], "summary": {"covered_lines": 0, "num_statements": 0, "percent_covered": 100.0, "percent_covered_display": "100", "missing_lines": 0, "excluded_lines": 1, "percent_statements_covered": 100.0, "percent_statements_covered_display": "100"}, "missing_lines": [], "excluded_lines": [20], "start_line": 17}, "CycleProblem.set_val": {"executed_lines": [], "summary": {"covered_lines": 0, "num_statements": 0, "percent_covered": 100.0, "percent_covered_display": "100", "missing_lines": 0, "excluded_lines": 1, "percent_statements_covered": 100.0, "percent_statements_covered_display": "100"}, "missing_lines": [], "excluded_lines": [32], "start_line": 29}, "CycleProblem.get_val": {"executed_lines": [], "summary": {"covered_lines": 0, "num_statements": 0, "percent_covered": 100.0, "percent_covered_display": "100", "missing_lines": 0, "excluded_lines": 1, "percent_statements_covered": 100.0, "percent_statements_covered_display": "100"}, "missing_lines": [], "excluded_lines": [35], "start_line": 34}, "CycleProblem.run_model": {"executed_lines": [], "summary": {"covered_lines": 0, "num_statements": 0, "percent_covered": 100.0, "percent_covered_display": "100", "missing_lines": 0, "excluded_lines": 1, "percent_statements_covered": 100.0, "percent_statements_covered_display": "100"}, "missing_lines": [], "excluded_lines": [38], "start_line": 37}, "CycleProblem.run_driver": {"executed_lines": [], "summary": {"covered_lines": 0, "num_statements": 0, "percent_covered": 100.0, "percent_covered_display": "100", "missing_lines": 0, "excluded_lines": 1, "percent_statements_covered": 100.0, "percent_statements_covered_display": "100"}, "missing_lines": [], "excluded_lines": [41], "start_line": 40}, "CycleProblem.setup": {"executed_lines": [], "summary": {"covered_lines": 0, "num_statements": 0, "percent_covered": 100.0, "percent_covered_display": "100", "missing_lines": 0, "excluded_lines": 1, "percent_statements_covered": 100.0, "percent_statements_covered_display": "100"}, "missing_lines": [], "excluded_lines": [44], "start_line": 43}, "CycleProblem.set_solver_print": {"executed_lines": [], "summary": {"covered_lines": 0, "num_statements": 0, "percent_covered": 100.0, "percent_covered_display": "100", "missing_lines": 0, "excluded_lines": 1, "percent_statements_covered": 100.0, "percent_statements_covered_display": "100"}, "missing_lines": [], "excluded_lines": [47], "start_line": 46}, "CycleProblem.__setitem__": {"executed_lines": [], "summary": {"covered_lines": 0, "num_statements": 0, "percent_covered": 100.0, "percent_covered_display": "100", "missing_lines": 0, "excluded_lines": 1, "percent_statements_covered": 100.0, "percent_statements_covered_display": "100"}, "missing_lines": [], "excluded_lines": [50], "start_line": 49}, "CycleProblem.compute_totals": {"executed_lines": [], "summary": {"covered_lines": 0, "num_statements": 0, "percent_covered": 100.0, "percent_covered_display": "100", "missing_lines": 0, "excluded_lines": 1, "percent_statements_covered": 100.0, "percent_statements_covered_display": "100"}, "missing_lines": [], "excluded_lines": [53], "start_line": 52}, "": {"executed_lines": [3, 5, 8, 9, 10, 23, 24, 25, 26, 27], "summary": {"covered_lines": 10, "num_statements": 10, "percent_covered": 100.0, "percent_covered_display": "100", "missing_lines": 0, "excluded_lines": 26, "percent_statements_covered": 100.0, "percent_statements_covered_display": "100"}, "missing_lines": [], "excluded_lines": [12, 13, 14, 16, 17, 18, 19, 21, 22, 29, 30, 31, 33, 34, 36, 37, 39, 40, 42, 43, 45, 46, 48, 49, 51, 52], "start_line": 1}}, "classes": {"CycleModel": {"executed_lines": [], "summary": {"covered_lines": 0, "num_statements": 0, "percent_covered": 100.0, "percent_covered_display": "100", "missing_lines": 0, "excluded_lines": 2, "percent_statements_covered": 100.0, "percent_statements_covered_display": "100"}, "missing_lines": [], "excluded_lines": [15, 20], "start_line": 9}, "CycleProblem": {"executed_lines": [], "summary": {"covered_lines": 0, "num_statements": 0, "percent_covered": 100.0, "percent_covered_display": "100", "missing_lines": 0, "excluded_lines": 8, "percent_statements_covered": 100.0, "percent_statements_covered_display": "100"}, "missing_lines": [], "excluded_lines": [32, 35, 38, 41, 44, 47, 50, 53], "start_line": 24}, "": {"executed_lines": [3, 5, 8, 9, 10, 23, 24, 25, 26, 27], "summary": {"covered_lines": 10, "num_statements": 10, "percent_covered": 100.0, "percent_covered_display": "100", "missing_lines": 0, "excluded_lines": 26, "percent_statements_covered": 100.0, "percent_statements_covered_display": "100"}, "missing_lines": [], "excluded_lines": [12, 13, 14, 16, 17, 18, 19, 21, 22, 29, 30, 31, 33, 34, 36, 37, 39, 40, 42, 43, 45, 46, 48, 49, 51, 52], "start_line": 1}}}, "src/pycycle_mcp/utils.py": {"executed_lines": [3, 5, 6, 7, 8, 10, 12, 15, 18, 19, 21, 22, 23, 25, 28, 38, 41, 42, 43, 44, 45, 46, 49, 52, 53, 64, 65, 66, 72, 75, 77, 78, 79, 80, 81, 82, 83, 84], "summary": {"covered_lines": 38, "num_statements": 45, "percent_covered": 84.44444444444444, "percent_covered_display": "84", "missing_lines": 7, "excluded_lines": 0, "percent_statements_covered": 84.44444444444444, "percent_statements_covered_display": "84"}, "missing_lines": [20, 24, 31, 67, 68, 69, 76], "excluded_lines": [], "functions": {"load_callable": {"executed_lines": [18, 19, 21, 22, 23, 25], "summary": {"covered_lines": 6, "num_statements": 8, "percent_covered": 75.0, "percent_covered_display": "75", "missing_lines": 2, "excluded_lines": 0, "percent_statements_covered": 75.0, "percent_statements_covered_display": "75"}, "missing_lines": [20, 24], "excluded_lines": [], "start_line": 15}, "error_on_missing_session": {"executed_lines": [], "summary": {"covered_lines": 0, "num_statements": 1, "percent_covered": 0.0, "percent_covered_display": "0", "missing_lines": 1, "excluded_lines": 0, "percent_statements_covered": 0.0, "percent_statements_covered_display": "0"}, "missing_lines": [31], "excluded_lines": [], "start_line": 28}, "select_interesting_variables": {"executed_lines": [41, 42, 43, 44, 45, 46], "summary": {"covered_lines": 6, "num_statements": 6, "percent_covered": 100.0, "percent_covered_display": "100", "missing_lines": 0, "excluded_lines": 0, "percent_statements_covered": 100.0, "percent_statements_covered_display": "100"}, "missing_lines": [], "excluded_lines": [], "start_line": 38}, "render_variable_entry": {"executed_lines": [52, 53], "summary": {"covered_lines": 2, "num_statements": 2, "percent_covered": 100.0, "percent_covered_display": "100", "missing_lines": 0, "excluded_lines": 0, "percent_statements_covered": 100.0, "percent_statements_covered_display": "100"}, "missing_lines": [], "excluded_lines": [], "start_line": 49}, "_normalize_shape": {"executed_lines": [65, 66], "summary": {"covered_lines": 2, "num_statements": 5, "percent_covered": 40.0, "percent_covered_display": "40", "missing_lines": 3, "excluded_lines": 0, "percent_statements_covered": 40.0, "percent_statements_covered_display": "40"}, "missing_lines": [67, 68, 69], "excluded_lines": [], "start_line": 64}, "ordered_cartesian_product": {"executed_lines": [75, 77, 78, 79, 80, 81, 82, 83, 84], "summary": {"covered_lines": 9, "num_statements": 10, "percent_covered": 90.0, "percent_covered_display": "90", "missing_lines": 1, "excluded_lines": 0, "percent_statements_covered": 90.0, "percent_statements_covered_display": "90"}, "missing_lines": [76], "excluded_lines": [], "start_line": 72}, "": {"executed_lines": [3, 5, 6, 7, 8, 10, 12, 15, 28, 38, 49, 64, 72], "summary": {"covered_lines": 13, "num_statements": 13, "percent_covered": 100.0, "percent_covered_display": "100", "missing_lines": 0, "excluded_lines": 0, "percent_statements_covered": 100.0, "percent_statements_covered_display": "100"}, "missing_lines": [], "excluded_lines": [], "start_line": 1}}, "classes": {"": {"executed_lines": [3, 5, 6, 7, 8, 10, 12, 15, 18, 19, 21, 22, 23, 25, 28, 38, 41, 42, 43, 44, 45, 46, 49, 52, 53, 64, 65, 66, 72, 75, 77, 78, 79, 80, 81, 82, 83, 84], "summary": {"covered_lines": 38, "num_statements": 45, "percent_covered": 84.44444444444444, "percent_covered_display": "84", "missing_lines": 7, "excluded_lines": 0, "percent_statements_covered": 84.44444444444444, "percent_statements_covered_display": "84"}, "missing_lines": [20, 24, 31, 67, 68, 69, 76], "excluded_lines": [], "start_line": 1}}}}, "totals": {"covered_lines": 497, "num_statements": 1132, "percent_covered": 43.90459363957597, "percent_covered_display": "44", "missing_lines": 635, "excluded_lines": 56, "percent_statements_covered": 43.90459363957597, "percent_statements_covered_display": "44"}}